{"C:\\Users\\Estudiantes\\Music\\Proyecto_Kreivin1999\\src\\test\\suma.js": {"path":"C:\\Users\\Estudiantes\\Music\\Proyecto_Kreivin1999\\src\\test\\suma.js","statementMap":{"0":{"start":{"line":3,"column":4},"end":{"line":3,"column":17}},"1":{"start":{"line":6,"column":0},"end":{"line":6,"column":21}}},"fnMap":{"0":{"name":"sum","decl":{"start":{"line":2,"column":9},"end":{"line":2,"column":12}},"loc":{"start":{"line":2,"column":18},"end":{"line":4,"column":1}},"line":2}},"branchMap":{},"s":{"0":1,"1":1},"f":{"0":1},"b":{},"_coverageSchema":"1a1c01bbd47fc00a2c39e90264f33305004495a9","hash":"c111c769f79e43ee660d0250fd9dabd76fd6bd68"}
}
